{"level":"info","message":"GET /users"}
{"level":"info","message":"GET /users"}
{"level":"info","message":"GET /users"}
{"level":"info","message":"POST /users"}
{"level":"info","message":"POST /users"}
{"level":"info","message":"POST /users"}
{"level":"info","message":"POST /users"}
{"level":"info","message":"POST /users"}
{"level":"info","message":"POST /users"}
{"level":"info","message":"GET /users"}
{"level":"info","message":"GET /users"}
{"level":"info","message":"GET /users/9279103e-df85-11ef-9611-1cc10cbe0e5b"}
{"level":"info","message":"PUT /users/9279103e-df85-11ef-9611-1cc10cbe0e5b"}
{"level":"info","message":"PUT /users/9279103e-df85-11ef-9611-1cc10cbe0e5b"}
{"level":"info","message":"DELETE /users/9279103e-df85-11ef-9611-1cc10cbe0e5b"}
{"level":"info","message":"GET /users"}
{"level":"info","message":"GET /users"}
{"level":"info","message":"GET /users"}
{"level":"info","message":"GET /users/uuid-id"}
{"level":"info","message":"POST /users"}
{"level":"info","message":"PUT /users/uuid-id"}
{"level":"info","message":"DELETE /users/uuid-id"}
{"level":"info","message":"GET /users"}
{"level":"info","message":"GET /users"}
{"level":"info","message":"GET /users"}
{"level":"info","message":"GET /users"}
{"level":"info","message":"GET /users"}
{"level":"info","message":"GET /users"}
{"level":"info","message":"GET /users"}
{"level":"info","message":"GET /users"}
{"level":"info","message":"GET /users/uuid-id"}
{"level":"info","message":"POST /users"}
{"level":"info","message":"PUT /users/uuid-id"}
{"level":"info","message":"DELETE /users/uuid-id"}
{"level":"info","message":"GET /users"}
{"level":"info","message":"GET /users/uuid-id"}
{"level":"info","message":"POST /users"}
{"level":"info","message":"PUT /users/uuid-id"}
{"level":"info","message":"DELETE /users/uuid-id"}
{"level":"info","message":"GET /users"}
{"level":"info","message":"GET /users/uuid-id"}
{"level":"info","message":"POST /users"}
{"level":"info","message":"PUT /users/uuid-id"}
{"level":"info","message":"DELETE /users/uuid-id"}
